{
  "RSpec": {
    "coverage": {
      "/home/oleksandr/RubyProjects/softserve/it-academy/repo-main/innovation_forpost/spec/requests/articles_spec.rb": {
        "lines": [
          null,
          null,
          1,
          null,
          1,
          17,
          null,
          1,
          16,
          null,
          null,
          1,
          1,
          1,
          1,
          1,
          1,
          null,
          null,
          null,
          1,
          2,
          null,
          1,
          1,
          1,
          1,
          null,
          null,
          null,
          1,
          2,
          null,
          1,
          1,
          1,
          1,
          null,
          null,
          null,
          1,
          2,
          null,
          1,
          1,
          1,
          1,
          null,
          null,
          null,
          1,
          1,
          1,
          1,
          1,
          null,
          null,
          null,
          1,
          1,
          4,
          4,
          null,
          1,
          1,
          1,
          1,
          1,
          1,
          1,
          1,
          null,
          null,
          1,
          2,
          null,
          null,
          1,
          2,
          null,
          null,
          null,
          1,
          2,
          4,
          4,
          null,
          1,
          2,
          null,
          null,
          1,
          2,
          null,
          null,
          1,
          1,
          1,
          1,
          1,
          1,
          1,
          1,
          1,
          null,
          null,
          null,
          null,
          1,
          2,
          null,
          1,
          1,
          1,
          1,
          null,
          null,
          null,
          1,
          1,
          2,
          1,
          null,
          1,
          null,
          1,
          null,
          null,
          null,
          null,
          null,
          1,
          1,
          1,
          1,
          1,
          1,
          1,
          1,
          1,
          1,
          1,
          null,
          null,
          null,
          1,
          2,
          2,
          null,
          1,
          1,
          1,
          1,
          1,
          1,
          1,
          1,
          null,
          null,
          null,
          null,
          1,
          3,
          null,
          1,
          2,
          null,
          null,
          1,
          1,
          1,
          1,
          1,
          1,
          1,
          1,
          null,
          null,
          null
        ]
      },
      "/home/oleksandr/RubyProjects/softserve/it-academy/repo-main/innovation_forpost/spec/rails_helper.rb": {
        "lines": [
          null,
          null,
          null,
          1,
          null,
          1,
          1,
          null,
          1,
          1,
          1,
          null,
          null,
          null,
          null,
          null,
          null,
          null,
          null,
          null,
          null,
          null,
          null,
          null,
          null,
          null,
          4,
          null,
          null,
          null,
          null,
          1,
          null,
          0,
          0,
          null,
          1,
          1,
          null,
          1,
          1,
          null,
          null,
          null,
          1,
          null,
          null,
          null,
          null,
          null,
          null,
          null,
          null,
          null,
          null,
          null,
          null,
          null,
          null,
          null,
          null,
          null,
          1,
          null,
          null,
          1,
          null,
          null,
          null,
          1,
          1,
          null
        ]
      },
      "/home/oleksandr/RubyProjects/softserve/it-academy/repo-main/innovation_forpost/config/environment.rb": {
        "lines": [
          null,
          1,
          null,
          null,
          1
        ]
      },
      "/home/oleksandr/RubyProjects/softserve/it-academy/repo-main/innovation_forpost/config/application.rb": {
        "lines": [
          1,
          null,
          1,
          null,
          null,
          null,
          1,
          null,
          1,
          1,
          null,
          1,
          1,
          null,
          null,
          null,
          null,
          1,
          1,
          null,
          null,
          1,
          1,
          1,
          1,
          1,
          null,
          null
        ]
      },
      "/home/oleksandr/RubyProjects/softserve/it-academy/repo-main/innovation_forpost/config/boot.rb": {
        "lines": [
          1,
          null,
          1,
          1
        ]
      },
      "/home/oleksandr/RubyProjects/softserve/it-academy/repo-main/innovation_forpost/config/environments/test.rb": {
        "lines": [
          null,
          null,
          null,
          null,
          null,
          1,
          null,
          null,
          1,
          1,
          null,
          null,
          null,
          null,
          1,
          null,
          null,
          1,
          1,
          null,
          null,
          null,
          null,
          1,
          1,
          1,
          null,
          null,
          1,
          null,
          null,
          1,
          null,
          null,
          1,
          null,
          1,
          null,
          null,
          null,
          null,
          1,
          null,
          null,
          1,
          null,
          null,
          null,
          null
        ]
      },
      "/home/oleksandr/RubyProjects/softserve/it-academy/repo-main/innovation_forpost/config/initializers/application_controller_renderer.rb": {
        "lines": [
          null,
          null,
          null,
          null,
          null,
          null,
          null,
          null
        ]
      },
      "/home/oleksandr/RubyProjects/softserve/it-academy/repo-main/innovation_forpost/config/initializers/assets.rb": {
        "lines": [
          null,
          null,
          null,
          1,
          null,
          null,
          null,
          null,
          1,
          null,
          null,
          null,
          null,
          null
        ]
      },
      "/home/oleksandr/RubyProjects/softserve/it-academy/repo-main/innovation_forpost/config/initializers/backtrace_silencers.rb": {
        "lines": [
          null,
          null,
          null,
          null,
          null,
          null,
          null
        ]
      },
      "/home/oleksandr/RubyProjects/softserve/it-academy/repo-main/innovation_forpost/config/initializers/content_security_policy.rb": {
        "lines": [
          null,
          null,
          null,
          null,
          null,
          null,
          null,
          null,
          null,
          null,
          null,
          null,
          null,
          null,
          null,
          null,
          null,
          null,
          null,
          null,
          null,
          null,
          null,
          null,
          null,
          null,
          null,
          null,
          null,
          null
        ]
      },
      "/home/oleksandr/RubyProjects/softserve/it-academy/repo-main/innovation_forpost/config/initializers/cookies_serializer.rb": {
        "lines": [
          null,
          null,
          null,
          null,
          1
        ]
      },
      "/home/oleksandr/RubyProjects/softserve/it-academy/repo-main/innovation_forpost/config/initializers/devise.rb": {
        "lines": [
          null,
          null,
          null,
          null,
          null,
          null,
          null,
          null,
          null,
          null,
          1,
          1,
          null,
          null,
          null,
          null,
          null,
          null,
          null,
          null,
          null,
          null,
          null,
          null,
          null,
          null,
          null,
          1,
          null,
          null,
          null,
          null,
          null,
          null,
          null,
          null,
          null,
          null,
          null,
          1,
          null,
          null,
          null,
          null,
          null,
          null,
          null,
          null,
          null,
          null,
          null,
          null,
          null,
          null,
          null,
          null,
          null,
          null,
          null,
          null,
          null,
          1,
          null,
          null,
          null,
          null,
          1,
          null,
          null,
          null,
          null,
          null,
          null,
          null,
          null,
          null,
          null,
          null,
          null,
          null,
          null,
          null,
          null,
          null,
          null,
          null,
          null,
          null,
          null,
          null,
          null,
          null,
          null,
          null,
          null,
          null,
          null,
          null,
          null,
          null,
          1,
          null,
          null,
          null,
          null,
          null,
          null,
          null,
          null,
          null,
          null,
          null,
          null,
          null,
          null,
          null,
          null,
          null,
          null,
          null,
          null,
          null,
          null,
          null,
          null,
          null,
          1,
          null,
          null,
          null,
          null,
          null,
          null,
          null,
          null,
          null,
          null,
          null,
          null,
          null,
          null,
          null,
          null,
          null,
          null,
          null,
          null,
          null,
          null,
          null,
          null,
          null,
          null,
          null,
          null,
          null,
          null,
          null,
          null,
          null,
          1,
          null,
          null,
          null,
          null,
          null,
          null,
          null,
          null,
          null,
          1,
          null,
          null,
          null,
          null,
          null,
          null,
          null,
          null,
          null,
          null,
          1,
          null,
          null,
          null,
          null,
          1,
          null,
          null,
          null,
          null,
          null,
          null,
          null,
          null,
          null,
          null,
          null,
          null,
          null,
          null,
          null,
          null,
          null,
          null,
          null,
          null,
          null,
          null,
          null,
          null,
          null,
          null,
          null,
          null,
          null,
          null,
          null,
          null,
          null,
          null,
          null,
          null,
          null,
          null,
          null,
          null,
          1,
          null,
          null,
          null,
          null,
          null,
          null,
          null,
          null,
          null,
          null,
          null,
          null,
          null,
          null,
          null,
          null,
          null,
          null,
          null,
          null,
          null,
          null,
          null,
          null,
          null,
          null,
          null,
          null,
          null,
          null,
          null,
          null,
          null,
          null,
          null,
          null,
          null,
          null,
          null,
          null,
          null,
          1,
          null,
          null,
          null,
          null,
          null,
          null,
          null,
          null,
          null,
          null,
          null,
          null,
          null,
          null,
          null,
          null,
          null,
          null,
          null,
          null,
          null,
          null,
          null,
          null,
          null,
          null,
          null,
          null,
          null,
          null,
          null,
          null,
          null,
          null,
          null,
          null,
          null,
          null,
          null,
          null,
          null,
          null
        ]
      },
      "/home/oleksandr/RubyProjects/softserve/it-academy/repo-main/innovation_forpost/config/initializers/filter_parameter_logging.rb": {
        "lines": [
          null,
          null,
          null,
          1
        ]
      },
      "/home/oleksandr/RubyProjects/softserve/it-academy/repo-main/innovation_forpost/config/initializers/inflections.rb": {
        "lines": [
          null,
          null,
          null,
          null,
          null,
          null,
          null,
          null,
          null,
          null,
          null,
          null,
          null,
          null,
          null,
          null
        ]
      },
      "/home/oleksandr/RubyProjects/softserve/it-academy/repo-main/innovation_forpost/config/initializers/lit.rb": {
        "lines": [
          1,
          null,
          null,
          0,
          null,
          null,
          null,
          null,
          0,
          null,
          null,
          null,
          0,
          null,
          null,
          null,
          null,
          null,
          null,
          null,
          null,
          null,
          null,
          0,
          null,
          null,
          null,
          null,
          null,
          0,
          null,
          null,
          null,
          null,
          0,
          null,
          null,
          0,
          null,
          null,
          null,
          0,
          null,
          null,
          0,
          null,
          null,
          null,
          0,
          null,
          null,
          null,
          null,
          0,
          null,
          null,
          null,
          null,
          0,
          null,
          null,
          0,
          null
        ]
      },
      "/home/oleksandr/RubyProjects/softserve/it-academy/repo-main/innovation_forpost/config/initializers/mime_types.rb": {
        "lines": [
          null,
          null,
          null,
          null
        ]
      },
      "/home/oleksandr/RubyProjects/softserve/it-academy/repo-main/innovation_forpost/config/initializers/simple_form.rb": {
        "lines": [
          null,
          null,
          null,
          null,
          null,
          null,
          null,
          null,
          null,
          null,
          1,
          null,
          null,
          null,
          null,
          null,
          1,
          null,
          null,
          null,
          null,
          null,
          null,
          null,
          null,
          null,
          1,
          null,
          null,
          null,
          1,
          null,
          null,
          null,
          null,
          null,
          null,
          null,
          null,
          null,
          1,
          null,
          null,
          1,
          null,
          null,
          1,
          null,
          null,
          1,
          null,
          null,
          1,
          null,
          null,
          null,
          1,
          1,
          1,
          null,
          null,
          null,
          null,
          null,
          null,
          null,
          null,
          null,
          1,
          null,
          null,
          null,
          null,
          null,
          1,
          null,
          null,
          1,
          null,
          null,
          null,
          null,
          null,
          null,
          null,
          1,
          null,
          null,
          1,
          null,
          null,
          null,
          null,
          null,
          null,
          null,
          null,
          null,
          null,
          null,
          null,
          null,
          null,
          null,
          null,
          null,
          null,
          null,
          null,
          null,
          null,
          null,
          null,
          null,
          null,
          null,
          null,
          null,
          null,
          null,
          null,
          null,
          null,
          null,
          null,
          null,
          null,
          null,
          null,
          null,
          1,
          null,
          null,
          null,
          null,
          null,
          null,
          null,
          null,
          null,
          null,
          null,
          null,
          null,
          null,
          null,
          null,
          null,
          null,
          null,
          null,
          null,
          null,
          null,
          null,
          null,
          null,
          null,
          null,
          null,
          null,
          null,
          null,
          null,
          1,
          null,
          null,
          null,
          null,
          null,
          null,
          null,
          null,
          null,
          null,
          1,
          null
        ]
      },
      "/home/oleksandr/RubyProjects/softserve/it-academy/repo-main/innovation_forpost/config/initializers/storage_setup.rb": {
        "lines": [
          1,
          1,
          null
        ]
      },
      "/home/oleksandr/RubyProjects/softserve/it-academy/repo-main/innovation_forpost/config/initializers/wrap_parameters.rb": {
        "lines": [
          null,
          null,
          null,
          null,
          null,
          null,
          1,
          2,
          null,
          null,
          null,
          null,
          null,
          null
        ]
      },
      "/home/oleksandr/RubyProjects/softserve/it-academy/repo-main/innovation_forpost/spec/factories/answers.rb": {
        "lines": [
          null,
          null,
          1,
          1,
          1,
          1,
          null,
          1,
          1,
          null,
          null,
          null
        ]
      },
      "/home/oleksandr/RubyProjects/softserve/it-academy/repo-main/innovation_forpost/spec/factories/article_tags.rb": {
        "lines": [
          null,
          null,
          1,
          1,
          1,
          1,
          null,
          null
        ]
      },
      "/home/oleksandr/RubyProjects/softserve/it-academy/repo-main/innovation_forpost/spec/factories/articles.rb": {
        "lines": [
          null,
          null,
          1,
          null,
          1,
          1,
          12,
          12,
          12,
          null,
          1,
          1,
          null,
          1,
          6,
          6,
          6,
          6,
          6,
          null,
          null,
          1,
          1,
          4,
          null,
          null,
          1,
          9,
          null,
          null,
          null,
          null
        ]
      },
      "/home/oleksandr/RubyProjects/softserve/it-academy/repo-main/innovation_forpost/spec/factories/attachment.rb": {
        "lines": [
          null,
          null,
          1,
          1,
          1,
          1,
          null,
          null
        ]
      },
      "/home/oleksandr/RubyProjects/softserve/it-academy/repo-main/innovation_forpost/spec/factories/documents.rb": {
        "lines": [
          null,
          null,
          1,
          1,
          1,
          null,
          1,
          1,
          0,
          null,
          null,
          null,
          null
        ]
      },
      "/home/oleksandr/RubyProjects/softserve/it-academy/repo-main/innovation_forpost/spec/factories/questions.rb": {
        "lines": [
          null,
          null,
          1,
          1,
          1,
          1,
          1,
          1,
          null,
          1,
          1,
          1,
          1,
          1,
          null,
          null,
          null
        ]
      },
      "/home/oleksandr/RubyProjects/softserve/it-academy/repo-main/innovation_forpost/spec/factories/tags.rb": {
        "lines": [
          null,
          null,
          1,
          1,
          19,
          null,
          null
        ]
      },
      "/home/oleksandr/RubyProjects/softserve/it-academy/repo-main/innovation_forpost/spec/factories/users.rb": {
        "lines": [
          null,
          null,
          1,
          1,
          29,
          29,
          29,
          null,
          1,
          1,
          null,
          null,
          1,
          17,
          null,
          null,
          1,
          1,
          null,
          null,
          null
        ]
      },
      "/home/oleksandr/RubyProjects/softserve/it-academy/repo-main/innovation_forpost/config/routes.rb": {
        "lines": [
          null,
          null,
          1,
          1,
          null,
          1,
          1,
          1,
          1,
          1,
          null,
          null,
          1,
          1,
          1,
          null,
          null,
          null,
          null,
          null,
          null,
          null,
          null,
          1,
          1,
          null,
          null,
          1,
          1,
          1,
          1,
          null,
          null,
          1,
          1,
          1,
          null
        ]
      },
      "/home/oleksandr/RubyProjects/softserve/it-academy/repo-main/innovation_forpost/app/models/user.rb": {
        "lines": [
          null,
          null,
          1,
          1,
          null,
          null,
          null,
          null,
          null,
          1,
          null,
          null,
          null,
          1,
          null,
          1,
          null,
          1,
          1,
          1,
          null
        ]
      },
      "/home/oleksandr/RubyProjects/softserve/it-academy/repo-main/innovation_forpost/app/models/application_record.rb": {
        "lines": [
          null,
          null,
          1,
          1,
          null
        ]
      },
      "/home/oleksandr/RubyProjects/softserve/it-academy/repo-main/innovation_forpost/app/helpers/admins_helper.rb": {
        "lines": [
          null,
          null,
          1,
          null
        ]
      },
      "/home/oleksandr/RubyProjects/softserve/it-academy/repo-main/innovation_forpost/app/helpers/application_helper.rb": {
        "lines": [
          null,
          null,
          1,
          null
        ]
      },
      "/home/oleksandr/RubyProjects/softserve/it-academy/repo-main/innovation_forpost/app/helpers/articles_helper.rb": {
        "lines": [
          null,
          null,
          1,
          null
        ]
      },
      "/home/oleksandr/RubyProjects/softserve/it-academy/repo-main/innovation_forpost/spec/support/controller_macros.rb": {
        "lines": [
          null,
          null,
          1,
          null,
          1,
          1,
          0,
          0,
          0,
          null,
          null,
          null,
          1,
          0,
          0,
          0,
          0,
          0,
          null,
          null,
          null
        ]
      },
      "/home/oleksandr/RubyProjects/softserve/it-academy/repo-main/innovation_forpost/spec/support/factory_bot.rb": {
        "lines": [
          null,
          null,
          1,
          1,
          null
        ]
      },
      "/home/oleksandr/RubyProjects/softserve/it-academy/repo-main/innovation_forpost/spec/support/shoulda_matchers.rb": {
        "lines": [
          null,
          null,
          1,
          1,
          1,
          1,
          null,
          null
        ]
      },
      "/home/oleksandr/RubyProjects/softserve/it-academy/repo-main/innovation_forpost/app/controllers/admins/articles_controller.rb": {
        "lines": [
          null,
          null,
          1,
          1,
          1,
          null,
          1,
          4,
          null,
          null,
          1,
          null,
          1,
          2,
          null,
          null,
          1,
          6,
          6,
          3,
          null,
          3,
          3,
          null,
          null,
          null,
          1,
          3,
          null,
          null,
          1,
          2,
          2,
          1,
          null,
          1,
          1,
          null,
          null,
          null,
          1,
          2,
          2,
          null,
          0,
          null,
          null,
          null,
          1,
          0,
          0,
          0,
          null,
          null,
          null,
          0,
          null,
          null,
          null,
          null,
          null,
          null,
          null,
          1,
          null,
          1,
          14,
          null,
          null,
          1,
          8,
          null,
          null,
          null
        ]
      },
      "/home/oleksandr/RubyProjects/softserve/it-academy/repo-main/innovation_forpost/app/controllers/admins_controller.rb": {
        "lines": [
          null,
          null,
          1,
          1,
          null
        ]
      },
      "/home/oleksandr/RubyProjects/softserve/it-academy/repo-main/innovation_forpost/app/controllers/application_controller.rb": {
        "lines": [
          null,
          null,
          1,
          1,
          null,
          1,
          null,
          1,
          242,
          null,
          null,
          1,
          22,
          null,
          null,
          1,
          22,
          22,
          null,
          null
        ]
      },
      "/home/oleksandr/RubyProjects/softserve/it-academy/repo-main/innovation_forpost/app/models/article.rb": {
        "lines": [
          null,
          null,
          1,
          1,
          null,
          null,
          null,
          null,
          null,
          1,
          null,
          null,
          null,
          null,
          1,
          1,
          null,
          1,
          1,
          1,
          null,
          1,
          1,
          null,
          5,
          5,
          1,
          null
        ]
      },
      "/home/oleksandr/RubyProjects/softserve/it-academy/repo-main/innovation_forpost/app/models/tag.rb": {
        "lines": [
          null,
          null,
          1,
          1,
          1,
          null,
          1,
          null,
          null,
          null,
          null,
          null
        ]
      },
      "/home/oleksandr/RubyProjects/softserve/it-academy/repo-main/innovation_forpost/app/models/article_tag.rb": {
        "lines": [
          null,
          null,
          1,
          1,
          1,
          null
        ]
      },
      "/home/oleksandr/RubyProjects/softserve/it-academy/repo-main/innovation_forpost/app/controllers/articles_controller.rb": {
        "lines": [
          null,
          null,
          1,
          1,
          0,
          0,
          null,
          null,
          1,
          3,
          null,
          1,
          null,
          null,
          1,
          2,
          null,
          null
        ]
      },
      "/home/oleksandr/RubyProjects/softserve/it-academy/repo-main/innovation_forpost/app/forms/articles/base_form.rb": {
        "lines": [
          null,
          null,
          1,
          1,
          1,
          null,
          1,
          null,
          null,
          null,
          null,
          null,
          null,
          null,
          null,
          null,
          1,
          null,
          1,
          13,
          13,
          null,
          13,
          null,
          null,
          null
        ]
      },
      "/home/oleksandr/RubyProjects/softserve/it-academy/repo-main/innovation_forpost/app/presenters/article_presenter.rb": {
        "lines": [
          null,
          null,
          1,
          1,
          9,
          null,
          null,
          1,
          9,
          null,
          null
        ]
      },
      "/home/oleksandr/RubyProjects/softserve/it-academy/repo-main/innovation_forpost/app/forms/articles/create_update_form.rb": {
        "lines": [
          null,
          null,
          1,
          1,
          1,
          8,
          null,
          4,
          4,
          4,
          4,
          4,
          null,
          null,
          4,
          null,
          null,
          1,
          null,
          1,
          4,
          null,
          4,
          4,
          4,
          null,
          null,
          null,
          1,
          4,
          1,
          null,
          3,
          6,
          null,
          6,
          null,
          null,
          null,
          null
        ]
      }
    },
    "timestamp": 1659814650
  }
}
